2022-08-15 10:42:55.467 - Info	
Packing C:\RelationChainViewPCF\RelationChainViewPCFSln\obj\Debug\Metadata to bin\Debug\RelationChainViewPCFSln.zip and bin\Debug\RelationChainViewPCFSln_managed.zip

2022-08-15 10:42:55.483 - Info	Processing Component: Entities
2022-08-15 10:42:55.483 - Info	Processing Component: Roles
2022-08-15 10:42:55.498 - Info	Processing Component: Workflows
2022-08-15 10:42:55.498 - Info	Processing Component: FieldSecurityProfiles
2022-08-15 10:42:55.498 - Info	Processing Component: Templates
2022-08-15 10:42:55.498 - Info	Processing Component: EntityMaps
2022-08-15 10:42:55.498 - Info	Processing Component: EntityRelationships
2022-08-15 10:42:55.498 - Info	Processing Component: OrganizationSettings
2022-08-15 10:42:55.498 - Info	Processing Component: optionsets
2022-08-15 10:42:55.498 - Info	Processing Component: CustomControls
2022-08-15 10:42:55.520 - Info	 - RelationChainViewPCF.RelationChainViewPCF
2022-08-15 10:42:55.520 - Info	Processing Component: SolutionPluginAssemblies
2022-08-15 10:42:55.520 - Info	Processing Component: EntityDataProviders
2022-08-15 10:42:55.552 - Info	
Unmanaged Pack complete.

2022-08-15 10:42:55.552 - Info	Processing Component: Entities
2022-08-15 10:42:55.567 - Info	Processing Component: Roles
2022-08-15 10:42:55.568 - Info	Processing Component: Workflows
2022-08-15 10:42:55.568 - Info	Processing Component: FieldSecurityProfiles
2022-08-15 10:42:55.568 - Info	Processing Component: Templates
2022-08-15 10:42:55.568 - Info	Processing Component: EntityMaps
2022-08-15 10:42:55.568 - Info	Processing Component: EntityRelationships
2022-08-15 10:42:55.568 - Info	Processing Component: OrganizationSettings
2022-08-15 10:42:55.568 - Info	Processing Component: optionsets
2022-08-15 10:42:55.568 - Info	Processing Component: CustomControls
2022-08-15 10:42:55.568 - Info	 - RelationChainViewPCF.RelationChainViewPCF
2022-08-15 10:42:55.568 - Info	Processing Component: SolutionPluginAssemblies
2022-08-15 10:42:55.568 - Info	Processing Component: EntityDataProviders
2022-08-15 10:42:55.584 - Info	
Managed Pack complete.

2022-08-15 11:14:18.073 - Info	
Packing C:\RelationChainViewPCF\RelationChainViewPCFSln\obj\Debug\Metadata to bin\Debug\RelationChainViewPCFSln.zip and bin\Debug\RelationChainViewPCFSln_managed.zip

2022-08-15 11:14:18.088 - Info	Processing Component: Entities
2022-08-15 11:14:18.088 - Info	Processing Component: Roles
2022-08-15 11:14:18.088 - Info	Processing Component: Workflows
2022-08-15 11:14:18.088 - Info	Processing Component: FieldSecurityProfiles
2022-08-15 11:14:18.088 - Info	Processing Component: Templates
2022-08-15 11:14:18.104 - Info	Processing Component: EntityMaps
2022-08-15 11:14:18.104 - Info	Processing Component: EntityRelationships
2022-08-15 11:14:18.111 - Info	Processing Component: OrganizationSettings
2022-08-15 11:14:18.111 - Info	Processing Component: optionsets
2022-08-15 11:14:18.111 - Info	Processing Component: CustomControls
2022-08-15 11:14:18.126 - Info	 - RelationChainViewPCF.RelationChainViewPCF
2022-08-15 11:14:18.126 - Info	Processing Component: SolutionPluginAssemblies
2022-08-15 11:14:18.126 - Info	Processing Component: EntityDataProviders
2022-08-15 11:14:18.211 - Info	
Unmanaged Pack complete.

2022-08-15 11:14:18.211 - Info	Processing Component: Entities
2022-08-15 11:14:18.211 - Info	Processing Component: Roles
2022-08-15 11:14:18.211 - Info	Processing Component: Workflows
2022-08-15 11:14:18.211 - Info	Processing Component: FieldSecurityProfiles
2022-08-15 11:14:18.211 - Info	Processing Component: Templates
2022-08-15 11:14:18.226 - Info	Processing Component: EntityMaps
2022-08-15 11:14:18.226 - Info	Processing Component: EntityRelationships
2022-08-15 11:14:18.226 - Info	Processing Component: OrganizationSettings
2022-08-15 11:14:18.226 - Info	Processing Component: optionsets
2022-08-15 11:14:18.226 - Info	Processing Component: CustomControls
2022-08-15 11:14:18.226 - Info	 - RelationChainViewPCF.RelationChainViewPCF
2022-08-15 11:14:18.226 - Info	Processing Component: SolutionPluginAssemblies
2022-08-15 11:14:18.226 - Info	Processing Component: EntityDataProviders
2022-08-15 11:14:18.289 - Info	
Managed Pack complete.

2022-08-15 11:29:44.151 - Info	
Packing C:\RelationChainViewPCF\RelationChainViewPCFSln\obj\Debug\Metadata to bin\Debug\RelationChainViewPCFSln.zip and bin\Debug\RelationChainViewPCFSln_managed.zip

2022-08-15 11:29:44.166 - Info	Processing Component: Entities
2022-08-15 11:29:44.166 - Info	Processing Component: Roles
2022-08-15 11:29:44.182 - Info	Processing Component: Workflows
2022-08-15 11:29:44.182 - Info	Processing Component: FieldSecurityProfiles
2022-08-15 11:29:44.182 - Info	Processing Component: Templates
2022-08-15 11:29:44.182 - Info	Processing Component: EntityMaps
2022-08-15 11:29:44.182 - Info	Processing Component: EntityRelationships
2022-08-15 11:29:44.188 - Info	Processing Component: OrganizationSettings
2022-08-15 11:29:44.188 - Info	Processing Component: optionsets
2022-08-15 11:29:44.188 - Info	Processing Component: CustomControls
2022-08-15 11:29:44.188 - Info	 - RelationChainViewPCF.RelationChainViewPCF
2022-08-15 11:29:44.204 - Info	Processing Component: SolutionPluginAssemblies
2022-08-15 11:29:44.204 - Info	Processing Component: EntityDataProviders
2022-08-15 11:29:44.282 - Info	
Unmanaged Pack complete.

2022-08-15 11:29:44.289 - Info	Processing Component: Entities
2022-08-15 11:29:44.289 - Info	Processing Component: Roles
2022-08-15 11:29:44.289 - Info	Processing Component: Workflows
2022-08-15 11:29:44.289 - Info	Processing Component: FieldSecurityProfiles
2022-08-15 11:29:44.289 - Info	Processing Component: Templates
2022-08-15 11:29:44.289 - Info	Processing Component: EntityMaps
2022-08-15 11:29:44.289 - Info	Processing Component: EntityRelationships
2022-08-15 11:29:44.289 - Info	Processing Component: OrganizationSettings
2022-08-15 11:29:44.289 - Info	Processing Component: optionsets
2022-08-15 11:29:44.289 - Info	Processing Component: CustomControls
2022-08-15 11:29:44.289 - Info	 - RelationChainViewPCF.RelationChainViewPCF
2022-08-15 11:29:44.304 - Info	Processing Component: SolutionPluginAssemblies
2022-08-15 11:29:44.304 - Info	Processing Component: EntityDataProviders
2022-08-15 11:29:44.351 - Info	
Managed Pack complete.

2022-08-16 10:22:25.012 - Info	
Packing C:\RelationChainViewPCF\RelationChainViewPCFSln\obj\Debug\Metadata to bin\Debug\RelationChainViewPCFSln.zip and bin\Debug\RelationChainViewPCFSln_managed.zip

2022-08-16 10:22:25.028 - Info	Processing Component: Entities
2022-08-16 10:22:25.028 - Info	Processing Component: Roles
2022-08-16 10:22:25.043 - Info	Processing Component: Workflows
2022-08-16 10:22:25.043 - Info	Processing Component: FieldSecurityProfiles
2022-08-16 10:22:25.050 - Info	Processing Component: Templates
2022-08-16 10:22:25.050 - Info	Processing Component: EntityMaps
2022-08-16 10:22:25.050 - Info	Processing Component: EntityRelationships
2022-08-16 10:22:25.050 - Info	Processing Component: OrganizationSettings
2022-08-16 10:22:25.066 - Info	Processing Component: optionsets
2022-08-16 10:22:25.066 - Info	Processing Component: CustomControls
2022-08-16 10:22:25.081 - Info	 - RelationChainViewPCF.RelationChainViewPCF
2022-08-16 10:22:25.081 - Info	Processing Component: SolutionPluginAssemblies
2022-08-16 10:22:25.081 - Info	Processing Component: EntityDataProviders
2022-08-16 10:22:25.166 - Info	
Unmanaged Pack complete.

2022-08-16 10:22:25.166 - Info	Processing Component: Entities
2022-08-16 10:22:25.166 - Info	Processing Component: Roles
2022-08-16 10:22:25.166 - Info	Processing Component: Workflows
2022-08-16 10:22:25.166 - Info	Processing Component: FieldSecurityProfiles
2022-08-16 10:22:25.181 - Info	Processing Component: Templates
2022-08-16 10:22:25.181 - Info	Processing Component: EntityMaps
2022-08-16 10:22:25.181 - Info	Processing Component: EntityRelationships
2022-08-16 10:22:25.181 - Info	Processing Component: OrganizationSettings
2022-08-16 10:22:25.181 - Info	Processing Component: optionsets
2022-08-16 10:22:25.181 - Info	Processing Component: CustomControls
2022-08-16 10:22:25.181 - Info	 - RelationChainViewPCF.RelationChainViewPCF
2022-08-16 10:22:25.181 - Info	Processing Component: SolutionPluginAssemblies
2022-08-16 10:22:25.181 - Info	Processing Component: EntityDataProviders
2022-08-16 10:22:25.244 - Info	
Managed Pack complete.

2022-08-16 10:26:27.566 - Info	
Packing C:\RelationChainViewPCF\RelationChainViewPCFSln\obj\Debug\Metadata to bin\Debug\RelationChainViewPCFSln.zip and bin\Debug\RelationChainViewPCFSln_managed.zip

2022-08-16 10:26:27.572 - Info	Processing Component: Entities
2022-08-16 10:26:27.572 - Info	Processing Component: Roles
2022-08-16 10:26:27.572 - Info	Processing Component: Workflows
2022-08-16 10:26:27.588 - Info	Processing Component: FieldSecurityProfiles
2022-08-16 10:26:27.588 - Info	Processing Component: Templates
2022-08-16 10:26:27.588 - Info	Processing Component: EntityMaps
2022-08-16 10:26:27.588 - Info	Processing Component: EntityRelationships
2022-08-16 10:26:27.588 - Info	Processing Component: OrganizationSettings
2022-08-16 10:26:27.588 - Info	Processing Component: optionsets
2022-08-16 10:26:27.588 - Info	Processing Component: CustomControls
2022-08-16 10:26:27.603 - Info	 - RelationChainViewPCF.RelationChainViewPCF
2022-08-16 10:26:27.603 - Info	Processing Component: SolutionPluginAssemblies
2022-08-16 10:26:27.603 - Info	Processing Component: EntityDataProviders
2022-08-16 10:26:27.688 - Info	
Unmanaged Pack complete.

2022-08-16 10:26:27.688 - Info	Processing Component: Entities
2022-08-16 10:26:27.688 - Info	Processing Component: Roles
2022-08-16 10:26:27.704 - Info	Processing Component: Workflows
2022-08-16 10:26:27.704 - Info	Processing Component: FieldSecurityProfiles
2022-08-16 10:26:27.704 - Info	Processing Component: Templates
2022-08-16 10:26:27.704 - Info	Processing Component: EntityMaps
2022-08-16 10:26:27.704 - Info	Processing Component: EntityRelationships
2022-08-16 10:26:27.704 - Info	Processing Component: OrganizationSettings
2022-08-16 10:26:27.704 - Info	Processing Component: optionsets
2022-08-16 10:26:27.704 - Info	Processing Component: CustomControls
2022-08-16 10:26:27.704 - Info	 - RelationChainViewPCF.RelationChainViewPCF
2022-08-16 10:26:27.704 - Info	Processing Component: SolutionPluginAssemblies
2022-08-16 10:26:27.704 - Info	Processing Component: EntityDataProviders
2022-08-16 10:26:27.773 - Info	
Managed Pack complete.

2022-08-17 12:00:34.803 - Info	
Packing C:\RelationChainViewPCF\RelationChainViewPCFSln\obj\Debug\Metadata to bin\Debug\RelationChainViewPCFSln.zip and bin\Debug\RelationChainViewPCFSln_managed.zip

2022-08-17 12:00:34.819 - Info	Processing Component: Entities
2022-08-17 12:00:34.824 - Info	Processing Component: Roles
2022-08-17 12:00:34.827 - Info	Processing Component: Workflows
2022-08-17 12:00:34.828 - Info	Processing Component: FieldSecurityProfiles
2022-08-17 12:00:34.829 - Info	Processing Component: Templates
2022-08-17 12:00:34.830 - Info	Processing Component: EntityMaps
2022-08-17 12:00:34.831 - Info	Processing Component: EntityRelationships
2022-08-17 12:00:34.839 - Info	Processing Component: OrganizationSettings
2022-08-17 12:00:34.841 - Info	Processing Component: optionsets
2022-08-17 12:00:34.843 - Info	Processing Component: CustomControls
2022-08-17 12:00:34.851 - Info	 - RelationChainViewPCF.RelationChainViewPCF
2022-08-17 12:00:34.857 - Info	Processing Component: SolutionPluginAssemblies
2022-08-17 12:00:34.859 - Info	Processing Component: EntityDataProviders
2022-08-17 12:00:34.944 - Info	
Unmanaged Pack complete.

2022-08-17 12:00:34.946 - Info	Processing Component: Entities
2022-08-17 12:00:34.949 - Info	Processing Component: Roles
2022-08-17 12:00:34.950 - Info	Processing Component: Workflows
2022-08-17 12:00:34.951 - Info	Processing Component: FieldSecurityProfiles
2022-08-17 12:00:34.952 - Info	Processing Component: Templates
2022-08-17 12:00:34.953 - Info	Processing Component: EntityMaps
2022-08-17 12:00:34.954 - Info	Processing Component: EntityRelationships
2022-08-17 12:00:34.956 - Info	Processing Component: OrganizationSettings
2022-08-17 12:00:34.957 - Info	Processing Component: optionsets
2022-08-17 12:00:34.958 - Info	Processing Component: CustomControls
2022-08-17 12:00:34.960 - Info	 - RelationChainViewPCF.RelationChainViewPCF
2022-08-17 12:00:34.964 - Info	Processing Component: SolutionPluginAssemblies
2022-08-17 12:00:34.965 - Info	Processing Component: EntityDataProviders
2022-08-17 12:00:35.018 - Info	
Managed Pack complete.

2022-08-17 13:34:45.943 - Info	
Packing C:\RelationChainViewPCF\RelationChainViewPCFSln\obj\Debug\Metadata to bin\Debug\RelationChainViewPCFSln.zip and bin\Debug\RelationChainViewPCFSln_managed.zip

2022-08-17 13:34:45.957 - Info	Processing Component: Entities
2022-08-17 13:34:45.961 - Info	Processing Component: Roles
2022-08-17 13:34:45.967 - Info	Processing Component: Workflows
2022-08-17 13:34:45.968 - Info	Processing Component: FieldSecurityProfiles
2022-08-17 13:34:45.968 - Info	Processing Component: Templates
2022-08-17 13:34:45.970 - Info	Processing Component: EntityMaps
2022-08-17 13:34:45.971 - Info	Processing Component: EntityRelationships
2022-08-17 13:34:45.976 - Info	Processing Component: OrganizationSettings
2022-08-17 13:34:45.979 - Info	Processing Component: optionsets
2022-08-17 13:34:45.981 - Info	Processing Component: CustomControls
2022-08-17 13:34:45.991 - Info	 - RelationChainViewPCF.RelationChainViewPCF
2022-08-17 13:34:45.998 - Info	Processing Component: SolutionPluginAssemblies
2022-08-17 13:34:46.001 - Info	Processing Component: EntityDataProviders
2022-08-17 13:34:46.104 - Info	
Unmanaged Pack complete.

2022-08-17 13:34:46.106 - Info	Processing Component: Entities
2022-08-17 13:34:46.107 - Info	Processing Component: Roles
2022-08-17 13:34:46.108 - Info	Processing Component: Workflows
2022-08-17 13:34:46.110 - Info	Processing Component: FieldSecurityProfiles
2022-08-17 13:34:46.111 - Info	Processing Component: Templates
2022-08-17 13:34:46.112 - Info	Processing Component: EntityMaps
2022-08-17 13:34:46.113 - Info	Processing Component: EntityRelationships
2022-08-17 13:34:46.115 - Info	Processing Component: OrganizationSettings
2022-08-17 13:34:46.116 - Info	Processing Component: optionsets
2022-08-17 13:34:46.120 - Info	Processing Component: CustomControls
2022-08-17 13:34:46.123 - Info	 - RelationChainViewPCF.RelationChainViewPCF
2022-08-17 13:34:46.126 - Info	Processing Component: SolutionPluginAssemblies
2022-08-17 13:34:46.127 - Info	Processing Component: EntityDataProviders
2022-08-17 13:34:46.188 - Info	
Managed Pack complete.

2022-08-17 13:56:43.355 - Info	
Packing C:\RelationChainViewPCF\RelationChainViewPCFSln\obj\Debug\Metadata to bin\Debug\RelationChainViewPCFSln.zip and bin\Debug\RelationChainViewPCFSln_managed.zip

2022-08-17 13:56:43.372 - Info	Processing Component: Entities
2022-08-17 13:56:43.378 - Info	Processing Component: Roles
2022-08-17 13:56:43.382 - Info	Processing Component: Workflows
2022-08-17 13:56:43.383 - Info	Processing Component: FieldSecurityProfiles
2022-08-17 13:56:43.385 - Info	Processing Component: Templates
2022-08-17 13:56:43.387 - Info	Processing Component: EntityMaps
2022-08-17 13:56:43.388 - Info	Processing Component: EntityRelationships
2022-08-17 13:56:43.394 - Info	Processing Component: OrganizationSettings
2022-08-17 13:56:43.396 - Info	Processing Component: optionsets
2022-08-17 13:56:43.397 - Info	Processing Component: CustomControls
2022-08-17 13:56:43.408 - Info	 - RelationChainViewPCF.RelationChainViewPCF
2022-08-17 13:56:43.414 - Info	Processing Component: SolutionPluginAssemblies
2022-08-17 13:56:43.416 - Info	Processing Component: EntityDataProviders
2022-08-17 13:56:43.507 - Info	
Unmanaged Pack complete.

2022-08-17 13:56:43.510 - Info	Processing Component: Entities
2022-08-17 13:56:43.511 - Info	Processing Component: Roles
2022-08-17 13:56:43.513 - Info	Processing Component: Workflows
2022-08-17 13:56:43.514 - Info	Processing Component: FieldSecurityProfiles
2022-08-17 13:56:43.520 - Info	Processing Component: Templates
2022-08-17 13:56:43.524 - Info	Processing Component: EntityMaps
2022-08-17 13:56:43.527 - Info	Processing Component: EntityRelationships
2022-08-17 13:56:43.530 - Info	Processing Component: OrganizationSettings
2022-08-17 13:56:43.535 - Info	Processing Component: optionsets
2022-08-17 13:56:43.537 - Info	Processing Component: CustomControls
2022-08-17 13:56:43.541 - Info	 - RelationChainViewPCF.RelationChainViewPCF
2022-08-17 13:56:43.549 - Info	Processing Component: SolutionPluginAssemblies
2022-08-17 13:56:43.551 - Info	Processing Component: EntityDataProviders
2022-08-17 13:56:43.606 - Info	
Managed Pack complete.

2022-08-17 14:24:38.327 - Info	
Packing C:\RelationChainViewPCF\RelationChainViewPCFSln\obj\Debug\Metadata to bin\Debug\RelationChainViewPCFSln.zip and bin\Debug\RelationChainViewPCFSln_managed.zip

2022-08-17 14:24:38.342 - Info	Processing Component: Entities
2022-08-17 14:24:38.346 - Info	Processing Component: Roles
2022-08-17 14:24:38.353 - Info	Processing Component: Workflows
2022-08-17 14:24:38.354 - Info	Processing Component: FieldSecurityProfiles
2022-08-17 14:24:38.355 - Info	Processing Component: Templates
2022-08-17 14:24:38.357 - Info	Processing Component: EntityMaps
2022-08-17 14:24:38.358 - Info	Processing Component: EntityRelationships
2022-08-17 14:24:38.365 - Info	Processing Component: OrganizationSettings
2022-08-17 14:24:38.368 - Info	Processing Component: optionsets
2022-08-17 14:24:38.370 - Info	Processing Component: CustomControls
2022-08-17 14:24:38.380 - Info	 - RelationChainViewPCF.RelationChainViewPCF
2022-08-17 14:24:38.387 - Info	Processing Component: SolutionPluginAssemblies
2022-08-17 14:24:38.389 - Info	Processing Component: EntityDataProviders
2022-08-17 14:24:38.480 - Info	
Unmanaged Pack complete.

2022-08-17 14:24:38.482 - Info	Processing Component: Entities
2022-08-17 14:24:38.484 - Info	Processing Component: Roles
2022-08-17 14:24:38.486 - Info	Processing Component: Workflows
2022-08-17 14:24:38.487 - Info	Processing Component: FieldSecurityProfiles
2022-08-17 14:24:38.488 - Info	Processing Component: Templates
2022-08-17 14:24:38.489 - Info	Processing Component: EntityMaps
2022-08-17 14:24:38.490 - Info	Processing Component: EntityRelationships
2022-08-17 14:24:38.492 - Info	Processing Component: OrganizationSettings
2022-08-17 14:24:38.493 - Info	Processing Component: optionsets
2022-08-17 14:24:38.494 - Info	Processing Component: CustomControls
2022-08-17 14:24:38.496 - Info	 - RelationChainViewPCF.RelationChainViewPCF
2022-08-17 14:24:38.499 - Info	Processing Component: SolutionPluginAssemblies
2022-08-17 14:24:38.501 - Info	Processing Component: EntityDataProviders
2022-08-17 14:24:38.557 - Info	
Managed Pack complete.

2022-08-17 14:25:37.099 - Info	
Packing C:\RelationChainViewPCF\RelationChainViewPCFSln\obj\Debug\Metadata to bin\Debug\RelationChainViewPCFSln.zip and bin\Debug\RelationChainViewPCFSln_managed.zip

2022-08-17 14:25:37.112 - Info	Processing Component: Entities
2022-08-17 14:25:37.116 - Info	Processing Component: Roles
2022-08-17 14:25:37.120 - Info	Processing Component: Workflows
2022-08-17 14:25:37.121 - Info	Processing Component: FieldSecurityProfiles
2022-08-17 14:25:37.122 - Info	Processing Component: Templates
2022-08-17 14:25:37.125 - Info	Processing Component: EntityMaps
2022-08-17 14:25:37.126 - Info	Processing Component: EntityRelationships
2022-08-17 14:25:37.133 - Info	Processing Component: OrganizationSettings
2022-08-17 14:25:37.135 - Info	Processing Component: optionsets
2022-08-17 14:25:37.136 - Info	Processing Component: CustomControls
2022-08-17 14:25:37.147 - Info	 - RelationChainViewPCF.RelationChainViewPCF
2022-08-17 14:25:37.151 - Info	Processing Component: SolutionPluginAssemblies
2022-08-17 14:25:37.154 - Info	Processing Component: EntityDataProviders
2022-08-17 14:25:37.239 - Info	
Unmanaged Pack complete.

2022-08-17 14:25:37.241 - Info	Processing Component: Entities
2022-08-17 14:25:37.243 - Info	Processing Component: Roles
2022-08-17 14:25:37.244 - Info	Processing Component: Workflows
2022-08-17 14:25:37.245 - Info	Processing Component: FieldSecurityProfiles
2022-08-17 14:25:37.246 - Info	Processing Component: Templates
2022-08-17 14:25:37.247 - Info	Processing Component: EntityMaps
2022-08-17 14:25:37.248 - Info	Processing Component: EntityRelationships
2022-08-17 14:25:37.251 - Info	Processing Component: OrganizationSettings
2022-08-17 14:25:37.252 - Info	Processing Component: optionsets
2022-08-17 14:25:37.253 - Info	Processing Component: CustomControls
2022-08-17 14:25:37.256 - Info	 - RelationChainViewPCF.RelationChainViewPCF
2022-08-17 14:25:37.261 - Info	Processing Component: SolutionPluginAssemblies
2022-08-17 14:25:37.262 - Info	Processing Component: EntityDataProviders
2022-08-17 14:25:37.336 - Info	
Managed Pack complete.

2022-08-18 09:22:35.838 - Info	
Packing C:\RelationChainViewPCF\RelationChainViewPCFSln\obj\Debug\Metadata to bin\Debug\RelationChainViewPCFSln.zip and bin\Debug\RelationChainViewPCFSln_managed.zip

2022-08-18 09:22:35.853 - Info	Processing Component: Entities
2022-08-18 09:22:35.853 - Info	Processing Component: Roles
2022-08-18 09:22:35.869 - Info	Processing Component: Workflows
2022-08-18 09:22:35.869 - Info	Processing Component: FieldSecurityProfiles
2022-08-18 09:22:35.869 - Info	Processing Component: Templates
2022-08-18 09:22:35.869 - Info	Processing Component: EntityMaps
2022-08-18 09:22:35.869 - Info	Processing Component: EntityRelationships
2022-08-18 09:22:35.869 - Info	Processing Component: OrganizationSettings
2022-08-18 09:22:35.869 - Info	Processing Component: optionsets
2022-08-18 09:22:35.869 - Info	Processing Component: CustomControls
2022-08-18 09:22:35.884 - Info	 - RelationChainViewPCF.RelationChainViewPCF
2022-08-18 09:22:35.884 - Info	Processing Component: SolutionPluginAssemblies
2022-08-18 09:22:35.900 - Info	Processing Component: EntityDataProviders
2022-08-18 09:22:35.985 - Info	
Unmanaged Pack complete.

2022-08-18 09:22:35.985 - Info	Processing Component: Entities
2022-08-18 09:22:35.985 - Info	Processing Component: Roles
2022-08-18 09:22:35.985 - Info	Processing Component: Workflows
2022-08-18 09:22:35.985 - Info	Processing Component: FieldSecurityProfiles
2022-08-18 09:22:35.985 - Info	Processing Component: Templates
2022-08-18 09:22:35.985 - Info	Processing Component: EntityMaps
2022-08-18 09:22:35.985 - Info	Processing Component: EntityRelationships
2022-08-18 09:22:36.000 - Info	Processing Component: OrganizationSettings
2022-08-18 09:22:36.000 - Info	Processing Component: optionsets
2022-08-18 09:22:36.000 - Info	Processing Component: CustomControls
2022-08-18 09:22:36.000 - Info	 - RelationChainViewPCF.RelationChainViewPCF
2022-08-18 09:22:36.000 - Info	Processing Component: SolutionPluginAssemblies
2022-08-18 09:22:36.000 - Info	Processing Component: EntityDataProviders
2022-08-18 09:22:36.054 - Info	
Managed Pack complete.

2022-08-18 09:34:49.505 - Info	
Packing C:\RelationChainViewPCF\RelationChainViewPCFSln\obj\Debug\Metadata to bin\Debug\RelationChainViewPCFSln.zip and bin\Debug\RelationChainViewPCFSln_managed.zip

2022-08-18 09:34:49.520 - Info	Processing Component: Entities
2022-08-18 09:34:49.520 - Info	Processing Component: Roles
2022-08-18 09:34:49.540 - Info	Processing Component: Workflows
2022-08-18 09:34:49.540 - Info	Processing Component: FieldSecurityProfiles
2022-08-18 09:34:49.543 - Info	Processing Component: Templates
2022-08-18 09:34:49.543 - Info	Processing Component: EntityMaps
2022-08-18 09:34:49.543 - Info	Processing Component: EntityRelationships
2022-08-18 09:34:49.543 - Info	Processing Component: OrganizationSettings
2022-08-18 09:34:49.543 - Info	Processing Component: optionsets
2022-08-18 09:34:49.543 - Info	Processing Component: CustomControls
2022-08-18 09:34:49.558 - Info	 - RelationChainViewPCF.RelationChainViewPCF
2022-08-18 09:34:49.574 - Info	Processing Component: SolutionPluginAssemblies
2022-08-18 09:34:49.574 - Info	Processing Component: EntityDataProviders
2022-08-18 09:34:49.643 - Info	
Unmanaged Pack complete.

2022-08-18 09:34:49.643 - Info	Processing Component: Entities
2022-08-18 09:34:49.643 - Info	Processing Component: Roles
2022-08-18 09:34:49.658 - Info	Processing Component: Workflows
2022-08-18 09:34:49.658 - Info	Processing Component: FieldSecurityProfiles
2022-08-18 09:34:49.658 - Info	Processing Component: Templates
2022-08-18 09:34:49.658 - Info	Processing Component: EntityMaps
2022-08-18 09:34:49.658 - Info	Processing Component: EntityRelationships
2022-08-18 09:34:49.658 - Info	Processing Component: OrganizationSettings
2022-08-18 09:34:49.658 - Info	Processing Component: optionsets
2022-08-18 09:34:49.658 - Info	Processing Component: CustomControls
2022-08-18 09:34:49.658 - Info	 - RelationChainViewPCF.RelationChainViewPCF
2022-08-18 09:34:49.658 - Info	Processing Component: SolutionPluginAssemblies
2022-08-18 09:34:49.658 - Info	Processing Component: EntityDataProviders
2022-08-18 09:34:49.721 - Info	
Managed Pack complete.

2022-08-18 10:32:14.168 - Info	
Packing C:\RelationChainViewPCF\RelationChainViewPCFSln\obj\Debug\Metadata to bin\Debug\RelationChainViewPCFSln.zip and bin\Debug\RelationChainViewPCFSln_managed.zip

2022-08-18 10:32:14.184 - Info	Processing Component: Entities
2022-08-18 10:32:14.184 - Info	Processing Component: Roles
2022-08-18 10:32:14.184 - Info	Processing Component: Workflows
2022-08-18 10:32:14.184 - Info	Processing Component: FieldSecurityProfiles
2022-08-18 10:32:14.184 - Info	Processing Component: Templates
2022-08-18 10:32:14.200 - Info	Processing Component: EntityMaps
2022-08-18 10:32:14.200 - Info	Processing Component: EntityRelationships
2022-08-18 10:32:14.200 - Info	Processing Component: OrganizationSettings
2022-08-18 10:32:14.200 - Info	Processing Component: optionsets
2022-08-18 10:32:14.200 - Info	Processing Component: CustomControls
2022-08-18 10:32:14.215 - Info	 - RelationChainViewPCF.RelationChainViewPCF
2022-08-18 10:32:14.215 - Info	Processing Component: SolutionPluginAssemblies
2022-08-18 10:32:14.215 - Info	Processing Component: EntityDataProviders
2022-08-18 10:32:14.305 - Info	
Unmanaged Pack complete.

2022-08-18 10:32:14.305 - Info	Processing Component: Entities
2022-08-18 10:32:14.305 - Info	Processing Component: Roles
2022-08-18 10:32:14.305 - Info	Processing Component: Workflows
2022-08-18 10:32:14.321 - Info	Processing Component: FieldSecurityProfiles
2022-08-18 10:32:14.321 - Info	Processing Component: Templates
2022-08-18 10:32:14.321 - Info	Processing Component: EntityMaps
2022-08-18 10:32:14.321 - Info	Processing Component: EntityRelationships
2022-08-18 10:32:14.321 - Info	Processing Component: OrganizationSettings
2022-08-18 10:32:14.321 - Info	Processing Component: optionsets
2022-08-18 10:32:14.321 - Info	Processing Component: CustomControls
2022-08-18 10:32:14.321 - Info	 - RelationChainViewPCF.RelationChainViewPCF
2022-08-18 10:32:14.321 - Info	Processing Component: SolutionPluginAssemblies
2022-08-18 10:32:14.321 - Info	Processing Component: EntityDataProviders
2022-08-18 10:32:14.385 - Info	
Managed Pack complete.

2022-08-18 10:56:22.527 - Info	
Packing C:\RelationChainViewPCF\RelationChainViewPCFSln\obj\Debug\Metadata to bin\Debug\RelationChainViewPCFSln.zip and bin\Debug\RelationChainViewPCFSln_managed.zip

2022-08-18 10:56:22.542 - Info	Processing Component: Entities
2022-08-18 10:56:22.558 - Info	Processing Component: Roles
2022-08-18 10:56:22.558 - Info	Processing Component: Workflows
2022-08-18 10:56:22.564 - Info	Processing Component: FieldSecurityProfiles
2022-08-18 10:56:22.564 - Info	Processing Component: Templates
2022-08-18 10:56:22.564 - Info	Processing Component: EntityMaps
2022-08-18 10:56:22.564 - Info	Processing Component: EntityRelationships
2022-08-18 10:56:22.564 - Info	Processing Component: OrganizationSettings
2022-08-18 10:56:22.564 - Info	Processing Component: optionsets
2022-08-18 10:56:22.564 - Info	Processing Component: CustomControls
2022-08-18 10:56:22.580 - Info	 - RelationChainViewPCF.RelationChainViewPCF
2022-08-18 10:56:22.580 - Info	Processing Component: SolutionPluginAssemblies
2022-08-18 10:56:22.596 - Info	Processing Component: EntityDataProviders
2022-08-18 10:56:22.665 - Info	
Unmanaged Pack complete.

2022-08-18 10:56:22.665 - Info	Processing Component: Entities
2022-08-18 10:56:22.665 - Info	Processing Component: Roles
2022-08-18 10:56:22.665 - Info	Processing Component: Workflows
2022-08-18 10:56:22.665 - Info	Processing Component: FieldSecurityProfiles
2022-08-18 10:56:22.680 - Info	Processing Component: Templates
2022-08-18 10:56:22.680 - Info	Processing Component: EntityMaps
2022-08-18 10:56:22.680 - Info	Processing Component: EntityRelationships
2022-08-18 10:56:22.680 - Info	Processing Component: OrganizationSettings
2022-08-18 10:56:22.680 - Info	Processing Component: optionsets
2022-08-18 10:56:22.680 - Info	Processing Component: CustomControls
2022-08-18 10:56:22.680 - Info	 - RelationChainViewPCF.RelationChainViewPCF
2022-08-18 10:56:22.680 - Info	Processing Component: SolutionPluginAssemblies
2022-08-18 10:56:22.680 - Info	Processing Component: EntityDataProviders
2022-08-18 10:56:22.743 - Info	
Managed Pack complete.

2022-08-18 13:46:31.084 - Info	
Packing C:\RelationChainViewPCF\RelationChainViewPCFSln\obj\Debug\Metadata to bin\Debug\RelationChainViewPCFSln.zip and bin\Debug\RelationChainViewPCFSln_managed.zip

2022-08-18 13:46:31.098 - Info	Processing Component: Entities
2022-08-18 13:46:31.103 - Info	Processing Component: Roles
2022-08-18 13:46:31.107 - Info	Processing Component: Workflows
2022-08-18 13:46:31.107 - Info	Processing Component: FieldSecurityProfiles
2022-08-18 13:46:31.108 - Info	Processing Component: Templates
2022-08-18 13:46:31.110 - Info	Processing Component: EntityMaps
2022-08-18 13:46:31.111 - Info	Processing Component: EntityRelationships
2022-08-18 13:46:31.120 - Info	Processing Component: OrganizationSettings
2022-08-18 13:46:31.122 - Info	Processing Component: optionsets
2022-08-18 13:46:31.123 - Info	Processing Component: CustomControls
2022-08-18 13:46:31.134 - Info	 - RelationChainViewPCF.RelationChainViewPCF
2022-08-18 13:46:31.139 - Info	Processing Component: SolutionPluginAssemblies
2022-08-18 13:46:31.141 - Info	Processing Component: EntityDataProviders
2022-08-18 13:46:31.234 - Info	
Unmanaged Pack complete.

2022-08-18 13:46:31.235 - Info	Processing Component: Entities
2022-08-18 13:46:31.236 - Info	Processing Component: Roles
2022-08-18 13:46:31.237 - Info	Processing Component: Workflows
2022-08-18 13:46:31.239 - Info	Processing Component: FieldSecurityProfiles
2022-08-18 13:46:31.240 - Info	Processing Component: Templates
2022-08-18 13:46:31.241 - Info	Processing Component: EntityMaps
2022-08-18 13:46:31.242 - Info	Processing Component: EntityRelationships
2022-08-18 13:46:31.243 - Info	Processing Component: OrganizationSettings
2022-08-18 13:46:31.244 - Info	Processing Component: optionsets
2022-08-18 13:46:31.245 - Info	Processing Component: CustomControls
2022-08-18 13:46:31.248 - Info	 - RelationChainViewPCF.RelationChainViewPCF
2022-08-18 13:46:31.252 - Info	Processing Component: SolutionPluginAssemblies
2022-08-18 13:46:31.253 - Info	Processing Component: EntityDataProviders
2022-08-18 13:46:31.316 - Info	
Managed Pack complete.

2022-08-18 13:51:12.856 - Info	
Packing C:\RelationChainViewPCF\RelationChainViewPCFSln\obj\Debug\Metadata to bin\Debug\RelationChainViewPCFSln.zip and bin\Debug\RelationChainViewPCFSln_managed.zip

2022-08-18 13:51:12.869 - Info	Processing Component: Entities
2022-08-18 13:51:12.874 - Info	Processing Component: Roles
2022-08-18 13:51:12.878 - Info	Processing Component: Workflows
2022-08-18 13:51:12.879 - Info	Processing Component: FieldSecurityProfiles
2022-08-18 13:51:12.880 - Info	Processing Component: Templates
2022-08-18 13:51:12.881 - Info	Processing Component: EntityMaps
2022-08-18 13:51:12.882 - Info	Processing Component: EntityRelationships
2022-08-18 13:51:12.888 - Info	Processing Component: OrganizationSettings
2022-08-18 13:51:12.891 - Info	Processing Component: optionsets
2022-08-18 13:51:12.892 - Info	Processing Component: CustomControls
2022-08-18 13:51:12.901 - Info	 - RelationChainViewPCF.RelationChainViewPCF
2022-08-18 13:51:12.907 - Info	Processing Component: SolutionPluginAssemblies
2022-08-18 13:51:12.909 - Info	Processing Component: EntityDataProviders
2022-08-18 13:51:12.992 - Info	
Unmanaged Pack complete.

2022-08-18 13:51:12.993 - Info	Processing Component: Entities
2022-08-18 13:51:12.994 - Info	Processing Component: Roles
2022-08-18 13:51:12.995 - Info	Processing Component: Workflows
2022-08-18 13:51:12.996 - Info	Processing Component: FieldSecurityProfiles
2022-08-18 13:51:12.998 - Info	Processing Component: Templates
2022-08-18 13:51:12.999 - Info	Processing Component: EntityMaps
2022-08-18 13:51:13.000 - Info	Processing Component: EntityRelationships
2022-08-18 13:51:13.002 - Info	Processing Component: OrganizationSettings
2022-08-18 13:51:13.003 - Info	Processing Component: optionsets
2022-08-18 13:51:13.004 - Info	Processing Component: CustomControls
2022-08-18 13:51:13.006 - Info	 - RelationChainViewPCF.RelationChainViewPCF
2022-08-18 13:51:13.009 - Info	Processing Component: SolutionPluginAssemblies
2022-08-18 13:51:13.010 - Info	Processing Component: EntityDataProviders
2022-08-18 13:51:13.064 - Info	
Managed Pack complete.

2022-08-18 15:17:51.340 - Info	
Packing C:\RelationChainViewPCF\RelationChainViewPCFSln\obj\Debug\Metadata to bin\Debug\RelationChainViewPCFSln.zip and bin\Debug\RelationChainViewPCFSln_managed.zip

2022-08-18 15:17:51.353 - Info	Processing Component: Entities
2022-08-18 15:17:51.358 - Info	Processing Component: Roles
2022-08-18 15:17:51.364 - Info	Processing Component: Workflows
2022-08-18 15:17:51.366 - Info	Processing Component: FieldSecurityProfiles
2022-08-18 15:17:51.367 - Info	Processing Component: Templates
2022-08-18 15:17:51.369 - Info	Processing Component: EntityMaps
2022-08-18 15:17:51.371 - Info	Processing Component: EntityRelationships
2022-08-18 15:17:51.377 - Info	Processing Component: OrganizationSettings
2022-08-18 15:17:51.379 - Info	Processing Component: optionsets
2022-08-18 15:17:51.382 - Info	Processing Component: CustomControls
2022-08-18 15:17:51.393 - Info	 - RelationChainViewPCF.RelationChainViewPCF
2022-08-18 15:17:51.399 - Info	Processing Component: SolutionPluginAssemblies
2022-08-18 15:17:51.403 - Info	Processing Component: EntityDataProviders
2022-08-18 15:17:51.482 - Info	
Unmanaged Pack complete.

2022-08-18 15:17:51.483 - Info	Processing Component: Entities
2022-08-18 15:17:51.484 - Info	Processing Component: Roles
2022-08-18 15:17:51.486 - Info	Processing Component: Workflows
2022-08-18 15:17:51.487 - Info	Processing Component: FieldSecurityProfiles
2022-08-18 15:17:51.488 - Info	Processing Component: Templates
2022-08-18 15:17:51.489 - Info	Processing Component: EntityMaps
2022-08-18 15:17:51.491 - Info	Processing Component: EntityRelationships
2022-08-18 15:17:51.493 - Info	Processing Component: OrganizationSettings
2022-08-18 15:17:51.494 - Info	Processing Component: optionsets
2022-08-18 15:17:51.496 - Info	Processing Component: CustomControls
2022-08-18 15:17:51.499 - Info	 - RelationChainViewPCF.RelationChainViewPCF
2022-08-18 15:17:51.502 - Info	Processing Component: SolutionPluginAssemblies
2022-08-18 15:17:51.503 - Info	Processing Component: EntityDataProviders
2022-08-18 15:17:51.558 - Info	
Managed Pack complete.

2022-08-18 15:44:09.475 - Info	
Packing C:\RelationChainViewPCF\RelationChainViewPCFSln\obj\Debug\Metadata to bin\Debug\RelationChainViewPCFSln.zip and bin\Debug\RelationChainViewPCFSln_managed.zip

2022-08-18 15:44:09.490 - Info	Processing Component: Entities
2022-08-18 15:44:09.494 - Info	Processing Component: Roles
2022-08-18 15:44:09.498 - Info	Processing Component: Workflows
2022-08-18 15:44:09.502 - Info	Processing Component: FieldSecurityProfiles
2022-08-18 15:44:09.503 - Info	Processing Component: Templates
2022-08-18 15:44:09.505 - Info	Processing Component: EntityMaps
2022-08-18 15:44:09.507 - Info	Processing Component: EntityRelationships
2022-08-18 15:44:09.514 - Info	Processing Component: OrganizationSettings
2022-08-18 15:44:09.540 - Info	Processing Component: optionsets
2022-08-18 15:44:09.544 - Info	Processing Component: CustomControls
2022-08-18 15:44:09.563 - Info	 - RelationChainViewPCF.RelationChainViewPCF
2022-08-18 15:44:09.575 - Info	Processing Component: SolutionPluginAssemblies
2022-08-18 15:44:09.577 - Info	Processing Component: EntityDataProviders
2022-08-18 15:44:09.656 - Info	
Unmanaged Pack complete.

2022-08-18 15:44:09.659 - Info	Processing Component: Entities
2022-08-18 15:44:09.660 - Info	Processing Component: Roles
2022-08-18 15:44:09.661 - Info	Processing Component: Workflows
2022-08-18 15:44:09.662 - Info	Processing Component: FieldSecurityProfiles
2022-08-18 15:44:09.663 - Info	Processing Component: Templates
2022-08-18 15:44:09.664 - Info	Processing Component: EntityMaps
2022-08-18 15:44:09.665 - Info	Processing Component: EntityRelationships
2022-08-18 15:44:09.666 - Info	Processing Component: OrganizationSettings
2022-08-18 15:44:09.667 - Info	Processing Component: optionsets
2022-08-18 15:44:09.668 - Info	Processing Component: CustomControls
2022-08-18 15:44:09.671 - Info	 - RelationChainViewPCF.RelationChainViewPCF
2022-08-18 15:44:09.676 - Info	Processing Component: SolutionPluginAssemblies
2022-08-18 15:44:09.677 - Info	Processing Component: EntityDataProviders
2022-08-18 15:44:09.731 - Info	
Managed Pack complete.

2022-08-19 09:30:09.678 - Info	
Packing C:\RelationChainViewPCF\RelationChainViewPCFSln\obj\Debug\Metadata to bin\Debug\RelationChainViewPCFSln.zip and bin\Debug\RelationChainViewPCFSln_managed.zip

2022-08-19 09:30:09.693 - Info	Processing Component: Entities
2022-08-19 09:30:09.693 - Info	Processing Component: Roles
2022-08-19 09:30:09.709 - Info	Processing Component: Workflows
2022-08-19 09:30:09.709 - Info	Processing Component: FieldSecurityProfiles
2022-08-19 09:30:09.709 - Info	Processing Component: Templates
2022-08-19 09:30:09.709 - Info	Processing Component: EntityMaps
2022-08-19 09:30:09.709 - Info	Processing Component: EntityRelationships
2022-08-19 09:30:09.709 - Info	Processing Component: OrganizationSettings
2022-08-19 09:30:09.709 - Info	Processing Component: optionsets
2022-08-19 09:30:09.709 - Info	Processing Component: CustomControls
2022-08-19 09:30:09.731 - Info	 - RelationChainViewPCF.RelationChainViewPCF
2022-08-19 09:30:09.731 - Info	Processing Component: SolutionPluginAssemblies
2022-08-19 09:30:09.731 - Info	Processing Component: EntityDataProviders
2022-08-19 09:30:09.825 - Info	
Unmanaged Pack complete.

2022-08-19 09:30:09.825 - Info	Processing Component: Entities
2022-08-19 09:30:09.825 - Info	Processing Component: Roles
2022-08-19 09:30:09.831 - Info	Processing Component: Workflows
2022-08-19 09:30:09.831 - Info	Processing Component: FieldSecurityProfiles
2022-08-19 09:30:09.831 - Info	Processing Component: Templates
2022-08-19 09:30:09.831 - Info	Processing Component: EntityMaps
2022-08-19 09:30:09.831 - Info	Processing Component: EntityRelationships
2022-08-19 09:30:09.831 - Info	Processing Component: OrganizationSettings
2022-08-19 09:30:09.831 - Info	Processing Component: optionsets
2022-08-19 09:30:09.831 - Info	Processing Component: CustomControls
2022-08-19 09:30:09.831 - Info	 - RelationChainViewPCF.RelationChainViewPCF
2022-08-19 09:30:09.831 - Info	Processing Component: SolutionPluginAssemblies
2022-08-19 09:30:09.831 - Info	Processing Component: EntityDataProviders
2022-08-19 09:30:09.894 - Info	
Managed Pack complete.

2022-08-19 14:32:07.622 - Info	
Packing C:\RelationChainViewPCF\RelationChainViewPCFSln\obj\Debug\Metadata to bin\Debug\RelationChainViewPCFSln.zip and bin\Debug\RelationChainViewPCFSln_managed.zip

2022-08-19 14:32:07.635 - Info	Processing Component: Entities
2022-08-19 14:32:07.638 - Info	Processing Component: Roles
2022-08-19 14:32:07.642 - Info	Processing Component: Workflows
2022-08-19 14:32:07.643 - Info	Processing Component: FieldSecurityProfiles
2022-08-19 14:32:07.648 - Info	Processing Component: Templates
2022-08-19 14:32:07.650 - Info	Processing Component: EntityMaps
2022-08-19 14:32:07.651 - Info	Processing Component: EntityRelationships
2022-08-19 14:32:07.658 - Info	Processing Component: OrganizationSettings
2022-08-19 14:32:07.659 - Info	Processing Component: optionsets
2022-08-19 14:32:07.661 - Info	Processing Component: CustomControls
2022-08-19 14:32:07.671 - Info	 - RelationChainViewPCF.RelationChainViewPCF
2022-08-19 14:32:07.675 - Info	Processing Component: SolutionPluginAssemblies
2022-08-19 14:32:07.679 - Info	Processing Component: EntityDataProviders
2022-08-19 14:32:07.773 - Info	
Unmanaged Pack complete.

2022-08-19 14:32:07.776 - Info	Processing Component: Entities
2022-08-19 14:32:07.777 - Info	Processing Component: Roles
2022-08-19 14:32:07.778 - Info	Processing Component: Workflows
2022-08-19 14:32:07.780 - Info	Processing Component: FieldSecurityProfiles
2022-08-19 14:32:07.782 - Info	Processing Component: Templates
2022-08-19 14:32:07.784 - Info	Processing Component: EntityMaps
2022-08-19 14:32:07.785 - Info	Processing Component: EntityRelationships
2022-08-19 14:32:07.789 - Info	Processing Component: OrganizationSettings
2022-08-19 14:32:07.790 - Info	Processing Component: optionsets
2022-08-19 14:32:07.792 - Info	Processing Component: CustomControls
2022-08-19 14:32:07.795 - Info	 - RelationChainViewPCF.RelationChainViewPCF
2022-08-19 14:32:07.802 - Info	Processing Component: SolutionPluginAssemblies
2022-08-19 14:32:07.804 - Info	Processing Component: EntityDataProviders
2022-08-19 14:32:07.865 - Info	
Managed Pack complete.

2022-08-19 14:39:38.723 - Info	
Packing C:\RelationChainViewPCF\RelationChainViewPCFSln\obj\Debug\Metadata to bin\Debug\RelationChainViewPCFSln.zip and bin\Debug\RelationChainViewPCFSln_managed.zip

2022-08-19 14:39:38.740 - Info	Processing Component: Entities
2022-08-19 14:39:38.747 - Info	Processing Component: Roles
2022-08-19 14:39:38.752 - Info	Processing Component: Workflows
2022-08-19 14:39:38.754 - Info	Processing Component: FieldSecurityProfiles
2022-08-19 14:39:38.755 - Info	Processing Component: Templates
2022-08-19 14:39:38.759 - Info	Processing Component: EntityMaps
2022-08-19 14:39:38.760 - Info	Processing Component: EntityRelationships
2022-08-19 14:39:38.768 - Info	Processing Component: OrganizationSettings
2022-08-19 14:39:38.770 - Info	Processing Component: optionsets
2022-08-19 14:39:38.771 - Info	Processing Component: CustomControls
2022-08-19 14:39:38.784 - Info	 - RelationChainViewPCF.RelationChainViewPCF
2022-08-19 14:39:38.792 - Info	Processing Component: SolutionPluginAssemblies
2022-08-19 14:39:38.795 - Info	Processing Component: EntityDataProviders
2022-08-19 14:39:38.887 - Info	
Unmanaged Pack complete.

2022-08-19 14:39:38.890 - Info	Processing Component: Entities
2022-08-19 14:39:38.891 - Info	Processing Component: Roles
2022-08-19 14:39:38.892 - Info	Processing Component: Workflows
2022-08-19 14:39:38.893 - Info	Processing Component: FieldSecurityProfiles
2022-08-19 14:39:38.894 - Info	Processing Component: Templates
2022-08-19 14:39:38.895 - Info	Processing Component: EntityMaps
2022-08-19 14:39:38.896 - Info	Processing Component: EntityRelationships
2022-08-19 14:39:38.897 - Info	Processing Component: OrganizationSettings
2022-08-19 14:39:38.898 - Info	Processing Component: optionsets
2022-08-19 14:39:38.901 - Info	Processing Component: CustomControls
2022-08-19 14:39:38.905 - Info	 - RelationChainViewPCF.RelationChainViewPCF
2022-08-19 14:39:38.909 - Info	Processing Component: SolutionPluginAssemblies
2022-08-19 14:39:38.911 - Info	Processing Component: EntityDataProviders
2022-08-19 14:39:38.975 - Info	
Managed Pack complete.

2022-08-19 14:42:06.436 - Info	
Packing C:\RelationChainViewPCF\RelationChainViewPCFSln\obj\Debug\Metadata to bin\Debug\RelationChainViewPCFSln.zip and bin\Debug\RelationChainViewPCFSln_managed.zip

2022-08-19 14:42:06.448 - Info	Processing Component: Entities
2022-08-19 14:42:06.452 - Info	Processing Component: Roles
2022-08-19 14:42:06.459 - Info	Processing Component: Workflows
2022-08-19 14:42:06.460 - Info	Processing Component: FieldSecurityProfiles
2022-08-19 14:42:06.461 - Info	Processing Component: Templates
2022-08-19 14:42:06.463 - Info	Processing Component: EntityMaps
2022-08-19 14:42:06.465 - Info	Processing Component: EntityRelationships
2022-08-19 14:42:06.474 - Info	Processing Component: OrganizationSettings
2022-08-19 14:42:06.476 - Info	Processing Component: optionsets
2022-08-19 14:42:06.477 - Info	Processing Component: CustomControls
2022-08-19 14:42:06.492 - Info	 - RelationChainViewPCF.RelationChainViewPCF
2022-08-19 14:42:06.498 - Info	Processing Component: SolutionPluginAssemblies
2022-08-19 14:42:06.502 - Info	Processing Component: EntityDataProviders
2022-08-19 14:42:06.606 - Info	
Unmanaged Pack complete.

2022-08-19 14:42:06.608 - Info	Processing Component: Entities
2022-08-19 14:42:06.610 - Info	Processing Component: Roles
2022-08-19 14:42:06.612 - Info	Processing Component: Workflows
2022-08-19 14:42:06.613 - Info	Processing Component: FieldSecurityProfiles
2022-08-19 14:42:06.614 - Info	Processing Component: Templates
2022-08-19 14:42:06.615 - Info	Processing Component: EntityMaps
2022-08-19 14:42:06.616 - Info	Processing Component: EntityRelationships
2022-08-19 14:42:06.617 - Info	Processing Component: OrganizationSettings
2022-08-19 14:42:06.618 - Info	Processing Component: optionsets
2022-08-19 14:42:06.619 - Info	Processing Component: CustomControls
2022-08-19 14:42:06.622 - Info	 - RelationChainViewPCF.RelationChainViewPCF
2022-08-19 14:42:06.626 - Info	Processing Component: SolutionPluginAssemblies
2022-08-19 14:42:06.627 - Info	Processing Component: EntityDataProviders
2022-08-19 14:42:06.683 - Info	
Managed Pack complete.

2022-08-19 14:51:49.648 - Info	
Packing C:\RelationChainViewPCF\RelationChainViewPCFSln\obj\Debug\Metadata to bin\Debug\RelationChainViewPCFSln.zip and bin\Debug\RelationChainViewPCFSln_managed.zip

2022-08-19 14:51:49.660 - Info	Processing Component: Entities
2022-08-19 14:51:49.664 - Info	Processing Component: Roles
2022-08-19 14:51:49.668 - Info	Processing Component: Workflows
2022-08-19 14:51:49.668 - Info	Processing Component: FieldSecurityProfiles
2022-08-19 14:51:49.669 - Info	Processing Component: Templates
2022-08-19 14:51:49.673 - Info	Processing Component: EntityMaps
2022-08-19 14:51:49.674 - Info	Processing Component: EntityRelationships
2022-08-19 14:51:49.678 - Info	Processing Component: OrganizationSettings
2022-08-19 14:51:49.680 - Info	Processing Component: optionsets
2022-08-19 14:51:49.681 - Info	Processing Component: CustomControls
2022-08-19 14:51:49.693 - Info	 - RelationChainViewPCF.RelationChainViewPCF
2022-08-19 14:51:49.697 - Info	Processing Component: SolutionPluginAssemblies
2022-08-19 14:51:49.699 - Info	Processing Component: EntityDataProviders
2022-08-19 14:51:49.775 - Info	
Unmanaged Pack complete.

2022-08-19 14:51:49.776 - Info	Processing Component: Entities
2022-08-19 14:51:49.777 - Info	Processing Component: Roles
2022-08-19 14:51:49.778 - Info	Processing Component: Workflows
2022-08-19 14:51:49.780 - Info	Processing Component: FieldSecurityProfiles
2022-08-19 14:51:49.780 - Info	Processing Component: Templates
2022-08-19 14:51:49.781 - Info	Processing Component: EntityMaps
2022-08-19 14:51:49.782 - Info	Processing Component: EntityRelationships
2022-08-19 14:51:49.785 - Info	Processing Component: OrganizationSettings
2022-08-19 14:51:49.787 - Info	Processing Component: optionsets
2022-08-19 14:51:49.789 - Info	Processing Component: CustomControls
2022-08-19 14:51:49.791 - Info	 - RelationChainViewPCF.RelationChainViewPCF
2022-08-19 14:51:49.793 - Info	Processing Component: SolutionPluginAssemblies
2022-08-19 14:51:49.794 - Info	Processing Component: EntityDataProviders
2022-08-19 14:51:49.843 - Info	
Managed Pack complete.

2022-08-19 15:34:51.686 - Info	
Packing C:\RelationChainViewPCF\RelationChainViewPCFSln\obj\Debug\Metadata to bin\Debug\RelationChainViewPCFSln.zip and bin\Debug\RelationChainViewPCFSln_managed.zip

2022-08-19 15:34:51.702 - Info	Processing Component: Entities
2022-08-19 15:34:51.705 - Info	Processing Component: Roles
2022-08-19 15:34:51.711 - Info	Processing Component: Workflows
2022-08-19 15:34:51.713 - Info	Processing Component: FieldSecurityProfiles
2022-08-19 15:34:51.714 - Info	Processing Component: Templates
2022-08-19 15:34:51.716 - Info	Processing Component: EntityMaps
2022-08-19 15:34:51.717 - Info	Processing Component: EntityRelationships
2022-08-19 15:34:51.725 - Info	Processing Component: OrganizationSettings
2022-08-19 15:34:51.726 - Info	Processing Component: optionsets
2022-08-19 15:34:51.729 - Info	Processing Component: CustomControls
2022-08-19 15:34:51.741 - Info	 - RelationChainViewPCF.RelationChainViewPCF
2022-08-19 15:34:51.747 - Info	Processing Component: SolutionPluginAssemblies
2022-08-19 15:34:51.749 - Info	Processing Component: EntityDataProviders
2022-08-19 15:34:51.833 - Info	
Unmanaged Pack complete.

2022-08-19 15:34:51.835 - Info	Processing Component: Entities
2022-08-19 15:34:51.836 - Info	Processing Component: Roles
2022-08-19 15:34:51.837 - Info	Processing Component: Workflows
2022-08-19 15:34:51.839 - Info	Processing Component: FieldSecurityProfiles
2022-08-19 15:34:51.840 - Info	Processing Component: Templates
2022-08-19 15:34:51.842 - Info	Processing Component: EntityMaps
2022-08-19 15:34:51.842 - Info	Processing Component: EntityRelationships
2022-08-19 15:34:51.844 - Info	Processing Component: OrganizationSettings
2022-08-19 15:34:51.844 - Info	Processing Component: optionsets
2022-08-19 15:34:51.845 - Info	Processing Component: CustomControls
2022-08-19 15:34:51.848 - Info	 - RelationChainViewPCF.RelationChainViewPCF
2022-08-19 15:34:51.850 - Info	Processing Component: SolutionPluginAssemblies
2022-08-19 15:34:51.851 - Info	Processing Component: EntityDataProviders
2022-08-19 15:34:51.905 - Info	
Managed Pack complete.

